Started GET "/" for 127.0.0.1 at 2022-02-10 16:25:49 -0300
  
ActiveRecord::NoDatabaseError (We could not find your database: db/development. Which can be found in the database configuration file located at config/database.yml.

To resolve this issue:

- Did you create the database for this app, or delete it? You may need to create your database.
- Has the database name changed? Check your database.yml config has the correct database name.

To create your database, run:

        bin/rails db:create
):
  
activerecord (7.0.2) lib/active_record/connection_adapters/mysql2_adapter.rb:47:in `rescue in new_client'
activerecord (7.0.2) lib/active_record/connection_adapters/mysql2_adapter.rb:43:in `new_client'
activerecord (7.0.2) lib/active_record/connection_adapters/mysql2_adapter.rb:23:in `mysql2_connection'
activerecord (7.0.2) lib/active_record/connection_adapters/abstract/connection_pool.rb:656:in `public_send'
activerecord (7.0.2) lib/active_record/connection_adapters/abstract/connection_pool.rb:656:in `new_connection'
activerecord (7.0.2) lib/active_record/connection_adapters/abstract/connection_pool.rb:700:in `checkout_new_connection'
activerecord (7.0.2) lib/active_record/connection_adapters/abstract/connection_pool.rb:679:in `try_to_checkout_new_connection'
activerecord (7.0.2) lib/active_record/connection_adapters/abstract/connection_pool.rb:640:in `acquire_connection'
activerecord (7.0.2) lib/active_record/connection_adapters/abstract/connection_pool.rb:341:in `checkout'
activerecord (7.0.2) lib/active_record/connection_adapters/abstract/connection_pool.rb:181:in `connection'
activerecord (7.0.2) lib/active_record/connection_adapters/abstract/connection_handler.rb:211:in `retrieve_connection'
activerecord (7.0.2) lib/active_record/connection_handling.rb:313:in `retrieve_connection'
activerecord (7.0.2) lib/active_record/connection_handling.rb:280:in `connection'
activerecord (7.0.2) lib/active_record/migration.rb:613:in `connection'
activerecord (7.0.2) lib/active_record/migration.rb:608:in `build_watcher'
activerecord (7.0.2) lib/active_record/migration.rb:590:in `block in call'
activerecord (7.0.2) lib/active_record/migration.rb:589:in `synchronize'
activerecord (7.0.2) lib/active_record/migration.rb:589:in `call'
actionpack (7.0.2) lib/action_dispatch/middleware/callbacks.rb:27:in `block in call'
activesupport (7.0.2) lib/active_support/callbacks.rb:99:in `run_callbacks'
actionpack (7.0.2) lib/action_dispatch/middleware/callbacks.rb:26:in `call'
actionpack (7.0.2) lib/action_dispatch/middleware/executor.rb:14:in `call'
actionpack (7.0.2) lib/action_dispatch/middleware/actionable_exceptions.rb:17:in `call'
actionpack (7.0.2) lib/action_dispatch/middleware/debug_exceptions.rb:28:in `call'
web-console (4.2.0) lib/web_console/middleware.rb:132:in `call_app'
web-console (4.2.0) lib/web_console/middleware.rb:28:in `block in call'
web-console (4.2.0) lib/web_console/middleware.rb:17:in `catch'
web-console (4.2.0) lib/web_console/middleware.rb:17:in `call'
actionpack (7.0.2) lib/action_dispatch/middleware/show_exceptions.rb:26:in `call'
railties (7.0.2) lib/rails/rack/logger.rb:36:in `call_app'
railties (7.0.2) lib/rails/rack/logger.rb:25:in `block in call'
activesupport (7.0.2) lib/active_support/tagged_logging.rb:99:in `block in tagged'
activesupport (7.0.2) lib/active_support/tagged_logging.rb:37:in `tagged'
activesupport (7.0.2) lib/active_support/tagged_logging.rb:99:in `tagged'
railties (7.0.2) lib/rails/rack/logger.rb:25:in `call'
sprockets-rails (3.4.2) lib/sprockets/rails/quiet_assets.rb:13:in `call'
actionpack (7.0.2) lib/action_dispatch/middleware/remote_ip.rb:93:in `call'
actionpack (7.0.2) lib/action_dispatch/middleware/request_id.rb:26:in `call'
rack (2.2.3) lib/rack/method_override.rb:24:in `call'
rack (2.2.3) lib/rack/runtime.rb:22:in `call'
activesupport (7.0.2) lib/active_support/cache/strategy/local_cache_middleware.rb:29:in `call'
actionpack (7.0.2) lib/action_dispatch/middleware/server_timing.rb:20:in `call'
actionpack (7.0.2) lib/action_dispatch/middleware/executor.rb:14:in `call'
actionpack (7.0.2) lib/action_dispatch/middleware/static.rb:23:in `call'
rack (2.2.3) lib/rack/sendfile.rb:110:in `call'
actionpack (7.0.2) lib/action_dispatch/middleware/host_authorization.rb:137:in `call'
railties (7.0.2) lib/rails/engine.rb:530:in `call'
puma (5.6.1) lib/puma/configuration.rb:252:in `call'
puma (5.6.1) lib/puma/request.rb:77:in `block in handle_request'
puma (5.6.1) lib/puma/thread_pool.rb:340:in `with_force_shutdown'
puma (5.6.1) lib/puma/request.rb:76:in `handle_request'
puma (5.6.1) lib/puma/server.rb:441:in `process_client'
puma (5.6.1) lib/puma/thread_pool.rb:147:in `block in spawn_thread'
  [1m[35m (15.6ms)[0m  [1m[35mCREATE DATABASE `db/development` DEFAULT CHARACTER SET `utf8mb4`[0m
Started GET "/" for 127.0.0.1 at 2022-02-10 16:35:16 -0300
Processing by Rails::WelcomeController#index as HTML
  Rendering /home/igor/.rbenv/versions/3.0.3/lib/ruby/gems/3.0.0/gems/railties-7.0.2/lib/rails/templates/rails/welcome/index.html.erb
  Rendered /home/igor/.rbenv/versions/3.0.3/lib/ruby/gems/3.0.0/gems/railties-7.0.2/lib/rails/templates/rails/welcome/index.html.erb (Duration: 1.4ms | Allocations: 727)
Completed 200 OK in 15ms (Views: 3.7ms | ActiveRecord: 0.0ms | Allocations: 6769)


Started GET "/articles" for 127.0.0.1 at 2022-02-10 16:54:39 -0300
Processing by ArticlesController#index as HTML
  Rendering layout layouts/application.html.erb
  Rendering articles/index.html.erb within layouts/application
  Rendered articles/index.html.erb within layouts/application (Duration: 1.0ms | Allocations: 152)
  Rendered layout layouts/application.html.erb (Duration: 228.0ms | Allocations: 69329)
Completed 200 OK in 232ms (Views: 230.1ms | Allocations: 70612)


Started GET "/" for 127.0.0.1 at 2022-02-10 16:59:56 -0300
Processing by ArticlesController#index as HTML
  Rendering layout layouts/application.html.erb
  Rendering articles/index.html.erb within layouts/application
  Rendered articles/index.html.erb within layouts/application (Duration: 0.1ms | Allocations: 23)
  Rendered layout layouts/application.html.erb (Duration: 2.1ms | Allocations: 1384)
Completed 200 OK in 4ms (Views: 3.5ms | Allocations: 2270)


Started GET "/" for 127.0.0.1 at 2022-02-11 08:18:39 -0300
Processing by ArticlesController#index as HTML
  Rendering layout layouts/application.html.erb
  Rendering articles/index.html.erb within layouts/application
  Rendered articles/index.html.erb within layouts/application (Duration: 2.4ms | Allocations: 450)
  Rendered layout layouts/application.html.erb (Duration: 61.5ms | Allocations: 21278)
Completed 200 OK in 78ms (Views: 66.5ms | ActiveRecord: 0.0ms | Allocations: 27083)


Started GET "/" for 127.0.0.1 at 2022-02-11 10:43:53 -0300
  [1m[35m (39.1ms)[0m  [1m[35mCREATE TABLE `schema_migrations` (`version` varchar(255) NOT NULL PRIMARY KEY)[0m
  [1m[35m (28.9ms)[0m  [1m[35mCREATE TABLE `ar_internal_metadata` (`key` varchar(255) NOT NULL PRIMARY KEY, `value` varchar(255), `created_at` datetime(6) NOT NULL, `updated_at` datetime(6) NOT NULL)[0m
  [1m[36mActiveRecord::SchemaMigration Pluck (7.2ms)[0m  [1m[34mSELECT `schema_migrations`.`version` FROM `schema_migrations` ORDER BY `schema_migrations`.`version` ASC[0m
  
ActiveRecord::PendingMigrationError (

Migrations are pending. To resolve this issue, run:

        bin/rails db:migrate RAILS_ENV=development

You have 1 pending migration:

20220211113050_create_articles.rb


):
  
activerecord (7.0.2) lib/active_record/migration.rb:627:in `check_pending!'
activerecord (7.0.2) lib/active_record/migration.rb:592:in `block (2 levels) in call'
activesupport (7.0.2) lib/active_support/file_update_checker.rb:83:in `execute'
activerecord (7.0.2) lib/active_record/migration.rb:597:in `block in call'
activerecord (7.0.2) lib/active_record/migration.rb:589:in `synchronize'
activerecord (7.0.2) lib/active_record/migration.rb:589:in `call'
actionpack (7.0.2) lib/action_dispatch/middleware/callbacks.rb:27:in `block in call'
activesupport (7.0.2) lib/active_support/callbacks.rb:99:in `run_callbacks'
actionpack (7.0.2) lib/action_dispatch/middleware/callbacks.rb:26:in `call'
actionpack (7.0.2) lib/action_dispatch/middleware/executor.rb:14:in `call'
actionpack (7.0.2) lib/action_dispatch/middleware/actionable_exceptions.rb:17:in `call'
actionpack (7.0.2) lib/action_dispatch/middleware/debug_exceptions.rb:28:in `call'
web-console (4.2.0) lib/web_console/middleware.rb:132:in `call_app'
web-console (4.2.0) lib/web_console/middleware.rb:28:in `block in call'
web-console (4.2.0) lib/web_console/middleware.rb:17:in `catch'
web-console (4.2.0) lib/web_console/middleware.rb:17:in `call'
actionpack (7.0.2) lib/action_dispatch/middleware/show_exceptions.rb:26:in `call'
railties (7.0.2) lib/rails/rack/logger.rb:36:in `call_app'
railties (7.0.2) lib/rails/rack/logger.rb:25:in `block in call'
activesupport (7.0.2) lib/active_support/tagged_logging.rb:99:in `block in tagged'
activesupport (7.0.2) lib/active_support/tagged_logging.rb:37:in `tagged'
activesupport (7.0.2) lib/active_support/tagged_logging.rb:99:in `tagged'
railties (7.0.2) lib/rails/rack/logger.rb:25:in `call'
sprockets-rails (3.4.2) lib/sprockets/rails/quiet_assets.rb:13:in `call'
actionpack (7.0.2) lib/action_dispatch/middleware/remote_ip.rb:93:in `call'
actionpack (7.0.2) lib/action_dispatch/middleware/request_id.rb:26:in `call'
rack (2.2.3) lib/rack/method_override.rb:24:in `call'
rack (2.2.3) lib/rack/runtime.rb:22:in `call'
activesupport (7.0.2) lib/active_support/cache/strategy/local_cache_middleware.rb:29:in `call'
actionpack (7.0.2) lib/action_dispatch/middleware/server_timing.rb:20:in `call'
actionpack (7.0.2) lib/action_dispatch/middleware/executor.rb:14:in `call'
actionpack (7.0.2) lib/action_dispatch/middleware/static.rb:23:in `call'
rack (2.2.3) lib/rack/sendfile.rb:110:in `call'
actionpack (7.0.2) lib/action_dispatch/middleware/host_authorization.rb:137:in `call'
railties (7.0.2) lib/rails/engine.rb:530:in `call'
puma (5.6.1) lib/puma/configuration.rb:252:in `call'
puma (5.6.1) lib/puma/request.rb:77:in `block in handle_request'
puma (5.6.1) lib/puma/thread_pool.rb:340:in `with_force_shutdown'
puma (5.6.1) lib/puma/request.rb:76:in `handle_request'
puma (5.6.1) lib/puma/server.rb:441:in `process_client'
puma (5.6.1) lib/puma/thread_pool.rb:147:in `block in spawn_thread'
Started POST "/rails/actions" for 127.0.0.1 at 2022-02-11 10:44:05 -0300
  [1m[35m (1.2ms)[0m  [1m[34mSELECT GET_LOCK('8115692404137957555', 0)[0m
  [1m[36mActiveRecord::SchemaMigration Pluck (0.4ms)[0m  [1m[34mSELECT `schema_migrations`.`version` FROM `schema_migrations` ORDER BY `schema_migrations`.`version` ASC[0m
Migrating to CreateArticles (20220211113050)
  [1m[35m (45.8ms)[0m  [1m[35mCREATE TABLE `articles` (`id` bigint NOT NULL AUTO_INCREMENT PRIMARY KEY, `title` varchar(255), `body` text, `created_at` datetime(6) NOT NULL, `updated_at` datetime(6) NOT NULL)[0m
  [1m[36mTRANSACTION (1.0ms)[0m  [1m[35mBEGIN[0m
  [1m[36mActiveRecord::SchemaMigration Create (14.8ms)[0m  [1m[32mINSERT INTO `schema_migrations` (`version`) VALUES ('20220211113050')[0m
  [1m[36mTRANSACTION (6.9ms)[0m  [1m[35mCOMMIT[0m
  [1m[36mActiveRecord::InternalMetadata Load (2.1ms)[0m  [1m[34mSELECT `ar_internal_metadata`.* FROM `ar_internal_metadata` WHERE `ar_internal_metadata`.`key` = 'environment' LIMIT 1[0m
  [1m[36mTRANSACTION (0.2ms)[0m  [1m[35mBEGIN[0m
  [1m[36mActiveRecord::InternalMetadata Create (0.9ms)[0m  [1m[32mINSERT INTO `ar_internal_metadata` (`key`, `value`, `created_at`, `updated_at`) VALUES ('environment', 'development', '2022-02-11 13:44:06.076359', '2022-02-11 13:44:06.076359')[0m
  [1m[36mTRANSACTION (10.6ms)[0m  [1m[35mCOMMIT[0m
  [1m[35m (0.4ms)[0m  [1m[34mSELECT RELEASE_LOCK('8115692404137957555')[0m
  [1m[36mActiveRecord::SchemaMigration Pluck (0.5ms)[0m  [1m[34mSELECT `schema_migrations`.`version` FROM `schema_migrations` ORDER BY `schema_migrations`.`version` ASC[0m
Started GET "/" for 127.0.0.1 at 2022-02-11 10:44:06 -0300
  [1m[36mActiveRecord::SchemaMigration Pluck (0.4ms)[0m  [1m[34mSELECT `schema_migrations`.`version` FROM `schema_migrations` ORDER BY `schema_migrations`.`version` ASC[0m
Processing by ArticlesController#index as HTML
  Rendering layout layouts/application.html.erb
  Rendering articles/index.html.erb within layouts/application
  Rendered articles/index.html.erb within layouts/application (Duration: 1.3ms | Allocations: 151)
  Rendered layout layouts/application.html.erb (Duration: 82.0ms | Allocations: 20317)
Completed 200 OK in 96ms (Views: 87.3ms | ActiveRecord: 0.0ms | Allocations: 24133)


Started GET "/" for 127.0.0.1 at 2022-02-11 10:44:22 -0300
Processing by ArticlesController#index as HTML
  Rendering layout layouts/application.html.erb
  Rendering articles/index.html.erb within layouts/application
  Rendered articles/index.html.erb within layouts/application (Duration: 0.1ms | Allocations: 15)
  Rendered layout layouts/application.html.erb (Duration: 4.0ms | Allocations: 1135)
Completed 200 OK in 7ms (Views: 6.3ms | ActiveRecord: 0.0ms | Allocations: 1473)


Started GET "/" for 127.0.0.1 at 2022-02-11 10:45:03 -0300
Processing by ArticlesController#index as HTML
  Rendering layout layouts/application.html.erb
  Rendering articles/index.html.erb within layouts/application
  Rendered articles/index.html.erb within layouts/application (Duration: 1.7ms | Allocations: 151)
  Rendered layout layouts/application.html.erb (Duration: 13.0ms | Allocations: 1687)
Completed 200 OK in 28ms (Views: 26.3ms | ActiveRecord: 0.0ms | Allocations: 2826)


Started GET "/" for 127.0.0.1 at 2022-02-11 10:45:08 -0300
Processing by ArticlesController#index as HTML
  Rendering layout layouts/application.html.erb
  Rendering articles/index.html.erb within layouts/application
  Rendered articles/index.html.erb within layouts/application (Duration: 1.2ms | Allocations: 147)
  Rendered layout layouts/application.html.erb (Duration: 7.5ms | Allocations: 1695)
Completed 200 OK in 23ms (Views: 21.3ms | ActiveRecord: 0.0ms | Allocations: 2852)


  [1m[35m (0.1ms)[0m  [1m[34mSELECT GET_LOCK('8115692404137957555', 0)[0m
  [1m[36mActiveRecord::SchemaMigration Pluck (0.3ms)[0m  [1m[34mSELECT `schema_migrations`.`version` FROM `schema_migrations` ORDER BY `schema_migrations`.`version` ASC[0m
  [1m[36mActiveRecord::InternalMetadata Load (0.5ms)[0m  [1m[34mSELECT `ar_internal_metadata`.* FROM `ar_internal_metadata` WHERE `ar_internal_metadata`.`key` = 'environment' LIMIT 1[0m
  [1m[35m (0.2ms)[0m  [1m[34mSELECT RELEASE_LOCK('8115692404137957555')[0m
  [1m[36mActiveRecord::SchemaMigration Pluck (0.4ms)[0m  [1m[34mSELECT `schema_migrations`.`version` FROM `schema_migrations` ORDER BY `schema_migrations`.`version` ASC[0m
  [1m[36mArticle Load (0.4ms)[0m  [1m[34mSELECT `articles`.* FROM `articles` ORDER BY `articles`.`id` ASC LIMIT 1[0m
  [1m[35m (0.3ms)[0m  [1m[34mSELECT GET_LOCK('8115692404137957555', 0)[0m
  [1m[36mActiveRecord::SchemaMigration Pluck (0.3ms)[0m  [1m[34mSELECT `schema_migrations`.`version` FROM `schema_migrations` ORDER BY `schema_migrations`.`version` ASC[0m
Migrating to Createteste (20220211162607)
  [1m[35m (0.3ms)[0m  [1m[34mSELECT RELEASE_LOCK('8115692404137957555')[0m
  [1m[35m (0.1ms)[0m  [1m[34mSELECT GET_LOCK('8115692404137957555', 0)[0m
  [1m[36mActiveRecord::SchemaMigration Pluck (0.3ms)[0m  [1m[34mSELECT `schema_migrations`.`version` FROM `schema_migrations` ORDER BY `schema_migrations`.`version` ASC[0m
Migrating to Createteste (20220211162607)
  [1m[35m (43.1ms)[0m  [1m[35mCREATE TABLE `teste` (`id` bigint NOT NULL AUTO_INCREMENT PRIMARY KEY, `name` varchar(255), `teste` text, `created_at` datetime(6) NOT NULL, `updated_at` datetime(6) NOT NULL)[0m
  [1m[36mTRANSACTION (0.4ms)[0m  [1m[35mBEGIN[0m
  [1m[36mActiveRecord::SchemaMigration Create (0.9ms)[0m  [1m[32mINSERT INTO `schema_migrations` (`version`) VALUES ('20220211162607')[0m
  [1m[36mTRANSACTION (8.3ms)[0m  [1m[35mCOMMIT[0m
  [1m[36mActiveRecord::InternalMetadata Load (0.5ms)[0m  [1m[34mSELECT `ar_internal_metadata`.* FROM `ar_internal_metadata` WHERE `ar_internal_metadata`.`key` = 'environment' LIMIT 1[0m
  [1m[35m (0.4ms)[0m  [1m[34mSELECT RELEASE_LOCK('8115692404137957555')[0m
  [1m[36mActiveRecord::SchemaMigration Pluck (0.2ms)[0m  [1m[34mSELECT `schema_migrations`.`version` FROM `schema_migrations` ORDER BY `schema_migrations`.`version` ASC[0m
  [1m[36mActiveRecord::SchemaMigration Pluck (0.4ms)[0m  [1m[34mSELECT `schema_migrations`.`version` FROM `schema_migrations` ORDER BY `schema_migrations`.`version` ASC[0m
  [1m[36mActiveRecord::SchemaMigration Pluck (0.4ms)[0m  [1m[34mSELECT `schema_migrations`.`version` FROM `schema_migrations` ORDER BY `schema_migrations`.`version` ASC[0m
  [1m[36mActiveRecord::SchemaMigration Pluck (0.3ms)[0m  [1m[34mSELECT `schema_migrations`.`version` FROM `schema_migrations` ORDER BY `schema_migrations`.`version` ASC[0m
  [1m[35m (0.2ms)[0m  [1m[34mSELECT GET_LOCK('8115692404137957555', 0)[0m
  [1m[36mActiveRecord::SchemaMigration Pluck (0.2ms)[0m  [1m[34mSELECT `schema_migrations`.`version` FROM `schema_migrations` ORDER BY `schema_migrations`.`version` ASC[0m
Migrating to Createteste (20220211162607)
  [1m[35m (26.4ms)[0m  [1m[35mDROP TABLE `teste`[0m
  [1m[36mActiveRecord::SchemaMigration Delete All (6.2ms)[0m  [1m[31mDELETE FROM `schema_migrations` WHERE `schema_migrations`.`version` = '20220211162607'[0m
  [1m[35m (0.6ms)[0m  [1m[34mSELECT RELEASE_LOCK('8115692404137957555')[0m
  [1m[36mActiveRecord::SchemaMigration Pluck (0.8ms)[0m  [1m[34mSELECT `schema_migrations`.`version` FROM `schema_migrations` ORDER BY `schema_migrations`.`version` ASC[0m
  [1m[35m (0.3ms)[0m  [1m[34mSELECT GET_LOCK('8115692404137957555', 0)[0m
  [1m[36mActiveRecord::SchemaMigration Pluck (0.3ms)[0m  [1m[34mSELECT `schema_migrations`.`version` FROM `schema_migrations` ORDER BY `schema_migrations`.`version` ASC[0m
Migrating to Createteste (20220211162607)
  [1m[35m (40.1ms)[0m  [1m[35mCREATE TABLE `testes` (`id` bigint NOT NULL AUTO_INCREMENT PRIMARY KEY, `name` varchar(255), `teste` text, `created_at` datetime(6) NOT NULL, `updated_at` datetime(6) NOT NULL)[0m
  [1m[36mTRANSACTION (0.5ms)[0m  [1m[35mBEGIN[0m
  [1m[36mActiveRecord::SchemaMigration Create (0.6ms)[0m  [1m[32mINSERT INTO `schema_migrations` (`version`) VALUES ('20220211162607')[0m
  [1m[36mTRANSACTION (8.2ms)[0m  [1m[35mCOMMIT[0m
  [1m[36mActiveRecord::InternalMetadata Load (0.5ms)[0m  [1m[34mSELECT `ar_internal_metadata`.* FROM `ar_internal_metadata` WHERE `ar_internal_metadata`.`key` = 'environment' LIMIT 1[0m
  [1m[35m (0.3ms)[0m  [1m[34mSELECT RELEASE_LOCK('8115692404137957555')[0m
  [1m[36mActiveRecord::SchemaMigration Pluck (0.4ms)[0m  [1m[34mSELECT `schema_migrations`.`version` FROM `schema_migrations` ORDER BY `schema_migrations`.`version` ASC[0m
  [1m[36mTRANSACTION (0.3ms)[0m  [1m[35mBEGIN[0m
  [1m[36mTeste Create (0.5ms)[0m  [1m[32mINSERT INTO `testes` (`name`, `teste`, `created_at`, `updated_at`) VALUES ('jv', NULL, '2022-02-11 16:32:09.727988', '2022-02-11 16:32:09.727988')[0m
  [1m[36mTRANSACTION (16.0ms)[0m  [1m[35mCOMMIT[0m
  [1m[36mTeste Load (0.5ms)[0m  [1m[34mSELECT `testes`.* FROM `testes` WHERE `testes`.`name` = 'jv'[0m
  [1m[36mTRANSACTION (0.6ms)[0m  [1m[35mBEGIN[0m
  [1m[36mArticle Create (1.4ms)[0m  [1m[32mINSERT INTO `articles` (`title`, `body`, `created_at`, `updated_at`) VALUES ('Hello Rails', 'I am on Rails!', '2022-02-11 17:08:19.649076', '2022-02-11 17:08:19.649076')[0m
  [1m[36mTRANSACTION (4.1ms)[0m  [1m[35mCOMMIT[0m
  [1m[36mArticle Load (0.4ms)[0m  [1m[34mSELECT `articles`.* FROM `articles`[0m
  [1m[36mArticle Load (0.7ms)[0m  [1m[34mSELECT `articles`.* FROM `articles` WHERE `articles`.`id` = 1 LIMIT 1[0m
  [1m[36mArticle Load (1.1ms)[0m  [1m[34mSELECT `articles`.* FROM `articles` WHERE `articles`.`id` = 2 LIMIT 1[0m
Started GET "/" for 127.0.0.1 at 2022-02-11 14:35:24 -0300
Processing by ArticlesController#index as HTML
Completed 500 Internal Server Error in 3ms (Allocations: 2348)


  
NameError (uninitialized constant ArticlesController::Articles):
  
app/controllers/articles_controller.rb:3:in `index'
Started GET "/" for 127.0.0.1 at 2022-02-11 14:36:38 -0300
Processing by ArticlesController#index as HTML
  Rendering layout layouts/application.html.erb
  Rendering articles/index.html.erb within layouts/application
  [1m[36mArticle Load (0.2ms)[0m  [1m[34mSELECT `articles`.* FROM `articles`[0m
  ↳ app/views/articles/index.html.erb:4
  Rendered articles/index.html.erb within layouts/application (Duration: 11.4ms | Allocations: 4315)
  Rendered layout layouts/application.html.erb (Duration: 14.1ms | Allocations: 5859)
Completed 200 OK in 18ms (Views: 15.6ms | ActiveRecord: 3.9ms | Allocations: 7764)


Started GET "/articles/1" for 127.0.0.1 at 2022-02-11 15:21:32 -0300
Processing by ArticlesController#index as HTML
  Parameters: {"id"=>"1"}
  Rendering layout layouts/application.html.erb
  Rendering articles/index.html.erb within layouts/application
  [1m[36mArticle Load (0.8ms)[0m  [1m[34mSELECT `articles`.* FROM `articles`[0m
  ↳ app/views/articles/index.html.erb:4
  Rendered articles/index.html.erb within layouts/application (Duration: 7.7ms | Allocations: 2143)
  Rendered layout layouts/application.html.erb (Duration: 10.8ms | Allocations: 3687)
Completed 200 OK in 15ms (Views: 12.3ms | ActiveRecord: 1.6ms | Allocations: 5603)


Started GET "/" for 127.0.0.1 at 2022-02-11 15:22:41 -0300
Processing by ArticlesController#index as HTML
  Rendering layout layouts/application.html.erb
  Rendering articles/index.html.erb within layouts/application
  [1m[36mArticle Load (0.7ms)[0m  [1m[34mSELECT `articles`.* FROM `articles`[0m
  ↳ app/views/articles/index.html.erb:4
  Rendered articles/index.html.erb within layouts/application (Duration: 3.6ms | Allocations: 615)
  Rendered layout layouts/application.html.erb (Duration: 7.2ms | Allocations: 1735)
Completed 200 OK in 11ms (Views: 8.6ms | ActiveRecord: 0.7ms | Allocations: 2084)


Started GET "/" for 127.0.0.1 at 2022-02-11 15:22:42 -0300
Processing by ArticlesController#index as HTML
  Rendering layout layouts/application.html.erb
  Rendering articles/index.html.erb within layouts/application
  [1m[36mArticle Load (0.6ms)[0m  [1m[34mSELECT `articles`.* FROM `articles`[0m
  ↳ app/views/articles/index.html.erb:4
  Rendered articles/index.html.erb within layouts/application (Duration: 3.7ms | Allocations: 615)
  Rendered layout layouts/application.html.erb (Duration: 7.5ms | Allocations: 1729)
Completed 200 OK in 9ms (Views: 8.0ms | ActiveRecord: 0.6ms | Allocations: 2057)


Started GET "/articles/1" for 127.0.0.1 at 2022-02-11 15:26:51 -0300
Processing by ArticlesController#index as HTML
  Parameters: {"id"=>"1"}
  Rendering layout layouts/application.html.erb
  Rendering articles/index.html.erb within layouts/application
  [1m[36mArticle Load (0.8ms)[0m  [1m[34mSELECT `articles`.* FROM `articles`[0m
  ↳ app/views/articles/index.html.erb:4
  Rendered articles/index.html.erb within layouts/application (Duration: 9.6ms | Allocations: 933)
  Rendered layout layouts/application.html.erb (Duration: 16.6ms | Allocations: 2482)
Completed 200 OK in 20ms (Views: 18.0ms | ActiveRecord: 0.8ms | Allocations: 3615)


Started GET "/articles/1" for 127.0.0.1 at 2022-02-11 15:26:53 -0300
Processing by ArticlesController#index as HTML
  Parameters: {"id"=>"1"}
  Rendering layout layouts/application.html.erb
  Rendering articles/index.html.erb within layouts/application
  [1m[36mArticle Load (1.0ms)[0m  [1m[34mSELECT `articles`.* FROM `articles`[0m
  ↳ app/views/articles/index.html.erb:4
  Rendered articles/index.html.erb within layouts/application (Duration: 8.7ms | Allocations: 617)
  Rendered layout layouts/application.html.erb (Duration: 18.1ms | Allocations: 1746)
Completed 200 OK in 26ms (Views: 23.7ms | ActiveRecord: 1.0ms | Allocations: 2095)


Started GET "/" for 127.0.0.1 at 2022-02-11 15:26:59 -0300
Processing by ArticlesController#index as HTML
  Rendering layout layouts/application.html.erb
  Rendering articles/index.html.erb within layouts/application
  [1m[36mArticle Load (0.7ms)[0m  [1m[34mSELECT `articles`.* FROM `articles`[0m
  ↳ app/views/articles/index.html.erb:4
  Rendered articles/index.html.erb within layouts/application (Duration: 4.8ms | Allocations: 617)
  Rendered layout layouts/application.html.erb (Duration: 10.0ms | Allocations: 1746)
Completed 200 OK in 15ms (Views: 12.7ms | ActiveRecord: 0.7ms | Allocations: 2074)


